<suite name="WordPressAutomation" verbose="2" parallel="true" thread-count="1">
       <listeners>
           <listener class-name="org.uncommons.reportng.HTMLReporter"></listener>
           <listener class-name="org.uncommons.reportng.JUnitXMLReporter"></listener>
       </listeners>
	<test name="test1">
	    	<classes>
				<class name="com.psl.fullstack.FullStackProject.Sample"/>
			</classes>
						</test>
	
                  
</suite>