<?xml version="1.0" encoding="UTF-8" ?>
<testsuite tests="1" failures="0" name="TestSuite" time="0.466" errors="0" skipped="0">
  <properties>
    <property name="java.runtime.name" value="Java(TM) SE Runtime Environment"/>
    <property name="sun.boot.library.path" value="C:\Program Files (x86)\Java\jre1.8.0_31\bin"/>
    <property name="java.vm.version" value="25.31-b07"/>
    <property name="java.vm.vendor" value="Oracle Corporation"/>
    <property name="java.vendor.url" value="http://java.oracle.com/"/>
    <property name="path.separator" value=";"/>
    <property name="java.vm.name" value="Java HotSpot(TM) Client VM"/>
    <property name="file.encoding.pkg" value="sun.io"/>
    <property name="user.script" value=""/>
    <property name="user.country" value="US"/>
    <property name="sun.java.launcher" value="SUN_STANDARD"/>
    <property name="sun.os.patch.level" value="Service Pack 1"/>
    <property name="java.vm.specification.name" value="Java Virtual Machine Specification"/>
    <property name="user.dir" value="C:\QE_Full_Stack_Project\FullStackProject\target"/>
    <property name="java.runtime.version" value="1.8.0_31-b13"/>
    <property name="java.awt.graphicsenv" value="sun.awt.Win32GraphicsEnvironment"/>
    <property name="basedir" value="C:\QE_Full_Stack_Project\FullStackProject"/>
    <property name="java.endorsed.dirs" value="C:\Program Files (x86)\Java\jre1.8.0_31\lib\endorsed"/>
    <property name="os.arch" value="x86"/>
    <property name="surefire.real.class.path" value="C:\Users\ANKIT_~1\AppData\Local\Temp\surefirebooter8523902543970870535.jar"/>
    <property name="java.io.tmpdir" value="C:\Users\ANKIT_~1\AppData\Local\Temp\"/>
    <property name="line.separator" value="
"/>
    <property name="java.vm.specification.vendor" value="Oracle Corporation"/>
    <property name="user.variant" value=""/>
    <property name="os.name" value="Windows 7"/>
    <property name="sun.jnu.encoding" value="Cp1252"/>
    <property name="java.library.path" value="C:\Program Files (x86)\Java\jre1.8.0_31\bin;C:\WINDOWS\Sun\Java\bin;C:\WINDOWS\system32;C:\WINDOWS;C:/Program Files (x86)/Java/jre1.8.0_31/bin/client;C:/Program Files (x86)/Java/jre1.8.0_31/bin;C:/Program Files (x86)/Java/jre1.8.0_31/lib/i386;C:\Ruby192\bin;C:\ProgramData\Oracle\Java\javapath;D:\oracle\product\10.2.0\client_1\bin;C:\Perl\site\bin;C:\Perl\bin;C:\WINDOWS\system32;C:\WINDOWS;C:\WINDOWS\System32\Wbem;C:\Program Files (x86)\Microsoft SQL Server\100\Tools\Binn\;C:\Program Files (x86)\Microsoft SQL Server\100\DTS\Binn\;C:\Program Files (x86)\Microsoft SQL Server\100\Tools\Binn\VSShell\Common7\IDE\;C:\Program Files (x86)\Microsoft Visual Studio 9.0\Common7\IDE\PrivateAssemblies\;C:\Program Files (x86)\QuickTime\QTSystem\;C:\apache-maven-2.2.1\bin;C:\Program Files\Java\jdk1.6.0_24\bin;C:\Program Files (x86)\Git\bin;C:\Program Files\MySQL\MySQL Server 5.1\bin;C:\Program Files (x86)\Android\android-sdk;C:\Program Files (x86)\Android\android-sdk\tools;C:\Program Files (x86)\Android\android-sdk\platform-tools;C:\Program Files\Microsoft SQL Server\110\Tools\Binn\;C:\Program Files (x86)\Microsoft SDKs\TypeScript\1.0\;C:\Program Files\Microsoft SQL Server\120\Tools\Binn\;C:\Program Files\Microsoft\Web Platform Installer\;C:\Program Files (x86)\Microsoft SDKs\Azure\CLI\wbin;C:\WINDOWS\System32\WindowsPowerShell\v1.0\;C:\Program Files (x86)\nodejs\;C:\Program Files (x86)\Windows Kits\8.1\Windows Performance Toolkit\;%USERPROFILE%\.dnx\bin;C:\Program Files\Microsoft DNX\Dnvm\;C:\Program Files\TortoiseSVN\bin;C:\Users\ankit_agrawal\AppData\Roaming\npm;C:\eclipse;;."/>
    <property name="surefire.test.class.path" value="C:\QE_Full_Stack_Project\FullStackProject\target\test-classes;C:\QE_Full_Stack_Project\FullStackProject\target\classes;C:\Users\ankit_agrawal\.m2\repository\org\seleniumhq\selenium\selenium-java\2.51.0\selenium-java-2.51.0.jar;C:\Users\ankit_agrawal\.m2\repository\org\seleniumhq\selenium\selenium-chrome-driver\2.51.0\selenium-chrome-driver-2.51.0.jar;C:\Users\ankit_agrawal\.m2\repository\org\seleniumhq\selenium\selenium-remote-driver\2.51.0\selenium-remote-driver-2.51.0.jar;C:\Users\ankit_agrawal\.m2\repository\cglib\cglib-nodep\2.1_3\cglib-nodep-2.1_3.jar;C:\Users\ankit_agrawal\.m2\repository\com\google\code\gson\gson\2.3.1\gson-2.3.1.jar;C:\Users\ankit_agrawal\.m2\repository\org\seleniumhq\selenium\selenium-api\2.51.0\selenium-api-2.51.0.jar;C:\Users\ankit_agrawal\.m2\repository\com\google\guava\guava\19.0\guava-19.0.jar;C:\Users\ankit_agrawal\.m2\repository\org\seleniumhq\selenium\selenium-edge-driver\2.51.0\selenium-edge-driver-2.51.0.jar;C:\Users\ankit_agrawal\.m2\repository\commons-io\commons-io\2.4\commons-io-2.4.jar;C:\Users\ankit_agrawal\.m2\repository\org\apache\commons\commons-exec\1.3\commons-exec-1.3.jar;C:\Users\ankit_agrawal\.m2\repository\org\seleniumhq\selenium\selenium-htmlunit-driver\2.51.0\selenium-htmlunit-driver-2.51.0.jar;C:\Users\ankit_agrawal\.m2\repository\net\sourceforge\htmlunit\htmlunit\2.18\htmlunit-2.18.jar;C:\Users\ankit_agrawal\.m2\repository\xalan\xalan\2.7.2\xalan-2.7.2.jar;C:\Users\ankit_agrawal\.m2\repository\xalan\serializer\2.7.2\serializer-2.7.2.jar;C:\Users\ankit_agrawal\.m2\repository\org\apache\commons\commons-lang3\3.4\commons-lang3-3.4.jar;C:\Users\ankit_agrawal\.m2\repository\org\apache\httpcomponents\httpmime\4.5\httpmime-4.5.jar;C:\Users\ankit_agrawal\.m2\repository\commons-codec\commons-codec\1.10\commons-codec-1.10.jar;C:\Users\ankit_agrawal\.m2\repository\net\sourceforge\htmlunit\htmlunit-core-js\2.17\htmlunit-core-js-2.17.jar;C:\Users\ankit_agrawal\.m2\repository\xerces\xercesImpl\2.11.0\xercesImpl-2.11.0.jar;C:\Users\ankit_agrawal\.m2\repository\xml-apis\xml-apis\1.4.01\xml-apis-1.4.01.jar;C:\Users\ankit_agrawal\.m2\repository\net\sourceforge\nekohtml\nekohtml\1.9.22\nekohtml-1.9.22.jar;C:\Users\ankit_agrawal\.m2\repository\net\sourceforge\cssparser\cssparser\0.9.16\cssparser-0.9.16.jar;C:\Users\ankit_agrawal\.m2\repository\org\w3c\css\sac\1.3\sac-1.3.jar;C:\Users\ankit_agrawal\.m2\repository\org\eclipse\jetty\websocket\websocket-client\9.2.12.v20150709\websocket-client-9.2.12.v20150709.jar;C:\Users\ankit_agrawal\.m2\repository\org\eclipse\jetty\jetty-util\9.2.12.v20150709\jetty-util-9.2.12.v20150709.jar;C:\Users\ankit_agrawal\.m2\repository\org\eclipse\jetty\jetty-io\9.2.12.v20150709\jetty-io-9.2.12.v20150709.jar;C:\Users\ankit_agrawal\.m2\repository\org\eclipse\jetty\websocket\websocket-common\9.2.12.v20150709\websocket-common-9.2.12.v20150709.jar;C:\Users\ankit_agrawal\.m2\repository\org\eclipse\jetty\websocket\websocket-api\9.2.12.v20150709\websocket-api-9.2.12.v20150709.jar;C:\Users\ankit_agrawal\.m2\repository\commons-collections\commons-collections\3.2.2\commons-collections-3.2.2.jar;C:\Users\ankit_agrawal\.m2\repository\org\apache\httpcomponents\httpclient\4.5.1\httpclient-4.5.1.jar;C:\Users\ankit_agrawal\.m2\repository\org\apache\httpcomponents\httpcore\4.4.3\httpcore-4.4.3.jar;C:\Users\ankit_agrawal\.m2\repository\org\seleniumhq\selenium\selenium-firefox-driver\2.51.0\selenium-firefox-driver-2.51.0.jar;C:\Users\ankit_agrawal\.m2\repository\org\seleniumhq\selenium\selenium-ie-driver\2.51.0\selenium-ie-driver-2.51.0.jar;C:\Users\ankit_agrawal\.m2\repository\net\java\dev\jna\jna\4.1.0\jna-4.1.0.jar;C:\Users\ankit_agrawal\.m2\repository\net\java\dev\jna\jna-platform\4.1.0\jna-platform-4.1.0.jar;C:\Users\ankit_agrawal\.m2\repository\org\seleniumhq\selenium\selenium-safari-driver\2.51.0\selenium-safari-driver-2.51.0.jar;C:\Users\ankit_agrawal\.m2\repository\org\seleniumhq\selenium\selenium-support\2.51.0\selenium-support-2.51.0.jar;C:\Users\ankit_agrawal\.m2\repository\org\webbitserver\webbit\0.4.14\webbit-0.4.14.jar;C:\Users\ankit_agrawal\.m2\repository\io\netty\netty\3.5.2.Final\netty-3.5.2.Final.jar;C:\Users\ankit_agrawal\.m2\repository\org\seleniumhq\selenium\selenium-leg-rc\2.51.0\selenium-leg-rc-2.51.0.jar;C:\Users\ankit_agrawal\.m2\repository\log4j\log4j\1.2.17\log4j-1.2.17.jar;C:\Users\ankit_agrawal\.m2\repository\com\google\inject\guice\2.0\guice-2.0.jar;C:\Users\ankit_agrawal\.m2\repository\aopalliance\aopalliance\1.0\aopalliance-1.0.jar;C:\Users\ankit_agrawal\.m2\repository\org\uncommons\reportng\1.1.4\reportng-1.1.4.jar;C:\Users\ankit_agrawal\.m2\repository\velocity\velocity\1.4\velocity-1.4.jar;C:\Users\ankit_agrawal\.m2\repository\velocity\velocity-dep\1.4\velocity-dep-1.4.jar;C:\Users\ankit_agrawal\.m2\repository\junit\junit\4.10\junit-4.10.jar;C:\Users\ankit_agrawal\.m2\repository\org\hamcrest\hamcrest-core\1.1\hamcrest-core-1.1.jar;C:\Users\ankit_agrawal\.m2\repository\org\testng\testng\6.8\testng-6.8.jar;C:\Users\ankit_agrawal\.m2\repository\org\beanshell\bsh\2.0b4\bsh-2.0b4.jar;C:\Users\ankit_agrawal\.m2\repository\com\beust\jcommander\1.27\jcommander-1.27.jar;C:\Users\ankit_agrawal\.m2\repository\org\yaml\snakeyaml\1.6\snakeyaml-1.6.jar;C:\Users\ankit_agrawal\.m2\repository\org\apache\poi\poi\3.5-beta5\poi-3.5-beta5.jar;C:\Users\ankit_agrawal\.m2\repository\commons-logging\commons-logging\1.1\commons-logging-1.1.jar;C:\Users\ankit_agrawal\.m2\repository\logkit\logkit\1.0.1\logkit-1.0.1.jar;C:\Users\ankit_agrawal\.m2\repository\avalon-framework\avalon-framework\4.1.3\avalon-framework-4.1.3.jar;C:\Users\ankit_agrawal\.m2\repository\javax\servlet\servlet-api\2.3\servlet-api-2.3.jar;"/>
    <property name="java.specification.name" value="Java Platform API Specification"/>
    <property name="java.class.version" value="52.0"/>
    <property name="sun.management.compiler" value="HotSpot Client Compiler"/>
    <property name="os.version" value="6.1"/>
    <property name="user.home" value="C:\Users\ankit_agrawal"/>
    <property name="user.timezone" value="Asia/Calcutta"/>
    <property name="java.awt.printerjob" value="sun.awt.windows.WPrinterJob"/>
    <property name="java.specification.version" value="1.8"/>
    <property name="file.encoding" value="Cp1252"/>
    <property name="user.name" value="ankit_agrawal"/>
    <property name="java.class.path" value="C:\QE_Full_Stack_Project\FullStackProject\target\test-classes;C:\QE_Full_Stack_Project\FullStackProject\target\classes;C:\Users\ankit_agrawal\.m2\repository\org\seleniumhq\selenium\selenium-java\2.51.0\selenium-java-2.51.0.jar;C:\Users\ankit_agrawal\.m2\repository\org\seleniumhq\selenium\selenium-chrome-driver\2.51.0\selenium-chrome-driver-2.51.0.jar;C:\Users\ankit_agrawal\.m2\repository\org\seleniumhq\selenium\selenium-remote-driver\2.51.0\selenium-remote-driver-2.51.0.jar;C:\Users\ankit_agrawal\.m2\repository\cglib\cglib-nodep\2.1_3\cglib-nodep-2.1_3.jar;C:\Users\ankit_agrawal\.m2\repository\com\google\code\gson\gson\2.3.1\gson-2.3.1.jar;C:\Users\ankit_agrawal\.m2\repository\org\seleniumhq\selenium\selenium-api\2.51.0\selenium-api-2.51.0.jar;C:\Users\ankit_agrawal\.m2\repository\com\google\guava\guava\19.0\guava-19.0.jar;C:\Users\ankit_agrawal\.m2\repository\org\seleniumhq\selenium\selenium-edge-driver\2.51.0\selenium-edge-driver-2.51.0.jar;C:\Users\ankit_agrawal\.m2\repository\commons-io\commons-io\2.4\commons-io-2.4.jar;C:\Users\ankit_agrawal\.m2\repository\org\apache\commons\commons-exec\1.3\commons-exec-1.3.jar;C:\Users\ankit_agrawal\.m2\repository\org\seleniumhq\selenium\selenium-htmlunit-driver\2.51.0\selenium-htmlunit-driver-2.51.0.jar;C:\Users\ankit_agrawal\.m2\repository\net\sourceforge\htmlunit\htmlunit\2.18\htmlunit-2.18.jar;C:\Users\ankit_agrawal\.m2\repository\xalan\xalan\2.7.2\xalan-2.7.2.jar;C:\Users\ankit_agrawal\.m2\repository\xalan\serializer\2.7.2\serializer-2.7.2.jar;C:\Users\ankit_agrawal\.m2\repository\org\apache\commons\commons-lang3\3.4\commons-lang3-3.4.jar;C:\Users\ankit_agrawal\.m2\repository\org\apache\httpcomponents\httpmime\4.5\httpmime-4.5.jar;C:\Users\ankit_agrawal\.m2\repository\commons-codec\commons-codec\1.10\commons-codec-1.10.jar;C:\Users\ankit_agrawal\.m2\repository\net\sourceforge\htmlunit\htmlunit-core-js\2.17\htmlunit-core-js-2.17.jar;C:\Users\ankit_agrawal\.m2\repository\xerces\xercesImpl\2.11.0\xercesImpl-2.11.0.jar;C:\Users\ankit_agrawal\.m2\repository\xml-apis\xml-apis\1.4.01\xml-apis-1.4.01.jar;C:\Users\ankit_agrawal\.m2\repository\net\sourceforge\nekohtml\nekohtml\1.9.22\nekohtml-1.9.22.jar;C:\Users\ankit_agrawal\.m2\repository\net\sourceforge\cssparser\cssparser\0.9.16\cssparser-0.9.16.jar;C:\Users\ankit_agrawal\.m2\repository\org\w3c\css\sac\1.3\sac-1.3.jar;C:\Users\ankit_agrawal\.m2\repository\org\eclipse\jetty\websocket\websocket-client\9.2.12.v20150709\websocket-client-9.2.12.v20150709.jar;C:\Users\ankit_agrawal\.m2\repository\org\eclipse\jetty\jetty-util\9.2.12.v20150709\jetty-util-9.2.12.v20150709.jar;C:\Users\ankit_agrawal\.m2\repository\org\eclipse\jetty\jetty-io\9.2.12.v20150709\jetty-io-9.2.12.v20150709.jar;C:\Users\ankit_agrawal\.m2\repository\org\eclipse\jetty\websocket\websocket-common\9.2.12.v20150709\websocket-common-9.2.12.v20150709.jar;C:\Users\ankit_agrawal\.m2\repository\org\eclipse\jetty\websocket\websocket-api\9.2.12.v20150709\websocket-api-9.2.12.v20150709.jar;C:\Users\ankit_agrawal\.m2\repository\commons-collections\commons-collections\3.2.2\commons-collections-3.2.2.jar;C:\Users\ankit_agrawal\.m2\repository\org\apache\httpcomponents\httpclient\4.5.1\httpclient-4.5.1.jar;C:\Users\ankit_agrawal\.m2\repository\org\apache\httpcomponents\httpcore\4.4.3\httpcore-4.4.3.jar;C:\Users\ankit_agrawal\.m2\repository\org\seleniumhq\selenium\selenium-firefox-driver\2.51.0\selenium-firefox-driver-2.51.0.jar;C:\Users\ankit_agrawal\.m2\repository\org\seleniumhq\selenium\selenium-ie-driver\2.51.0\selenium-ie-driver-2.51.0.jar;C:\Users\ankit_agrawal\.m2\repository\net\java\dev\jna\jna\4.1.0\jna-4.1.0.jar;C:\Users\ankit_agrawal\.m2\repository\net\java\dev\jna\jna-platform\4.1.0\jna-platform-4.1.0.jar;C:\Users\ankit_agrawal\.m2\repository\org\seleniumhq\selenium\selenium-safari-driver\2.51.0\selenium-safari-driver-2.51.0.jar;C:\Users\ankit_agrawal\.m2\repository\org\seleniumhq\selenium\selenium-support\2.51.0\selenium-support-2.51.0.jar;C:\Users\ankit_agrawal\.m2\repository\org\webbitserver\webbit\0.4.14\webbit-0.4.14.jar;C:\Users\ankit_agrawal\.m2\repository\io\netty\netty\3.5.2.Final\netty-3.5.2.Final.jar;C:\Users\ankit_agrawal\.m2\repository\org\seleniumhq\selenium\selenium-leg-rc\2.51.0\selenium-leg-rc-2.51.0.jar;C:\Users\ankit_agrawal\.m2\repository\log4j\log4j\1.2.17\log4j-1.2.17.jar;C:\Users\ankit_agrawal\.m2\repository\com\google\inject\guice\2.0\guice-2.0.jar;C:\Users\ankit_agrawal\.m2\repository\aopalliance\aopalliance\1.0\aopalliance-1.0.jar;C:\Users\ankit_agrawal\.m2\repository\org\uncommons\reportng\1.1.4\reportng-1.1.4.jar;C:\Users\ankit_agrawal\.m2\repository\velocity\velocity\1.4\velocity-1.4.jar;C:\Users\ankit_agrawal\.m2\repository\velocity\velocity-dep\1.4\velocity-dep-1.4.jar;C:\Users\ankit_agrawal\.m2\repository\junit\junit\4.10\junit-4.10.jar;C:\Users\ankit_agrawal\.m2\repository\org\hamcrest\hamcrest-core\1.1\hamcrest-core-1.1.jar;C:\Users\ankit_agrawal\.m2\repository\org\testng\testng\6.8\testng-6.8.jar;C:\Users\ankit_agrawal\.m2\repository\org\beanshell\bsh\2.0b4\bsh-2.0b4.jar;C:\Users\ankit_agrawal\.m2\repository\com\beust\jcommander\1.27\jcommander-1.27.jar;C:\Users\ankit_agrawal\.m2\repository\org\yaml\snakeyaml\1.6\snakeyaml-1.6.jar;C:\Users\ankit_agrawal\.m2\repository\org\apache\poi\poi\3.5-beta5\poi-3.5-beta5.jar;C:\Users\ankit_agrawal\.m2\repository\commons-logging\commons-logging\1.1\commons-logging-1.1.jar;C:\Users\ankit_agrawal\.m2\repository\logkit\logkit\1.0.1\logkit-1.0.1.jar;C:\Users\ankit_agrawal\.m2\repository\avalon-framework\avalon-framework\4.1.3\avalon-framework-4.1.3.jar;C:\Users\ankit_agrawal\.m2\repository\javax\servlet\servlet-api\2.3\servlet-api-2.3.jar;"/>
    <property name="java.vm.specification.version" value="1.8"/>
    <property name="sun.arch.data.model" value="32"/>
    <property name="java.home" value="C:\Program Files (x86)\Java\jre1.8.0_31"/>
    <property name="sun.java.command" value="C:\Users\ANKIT_~1\AppData\Local\Temp\surefirebooter8523902543970870535.jar C:\Users\ANKIT_~1\AppData\Local\Temp\surefire7676501749137208932tmp C:\Users\ANKIT_~1\AppData\Local\Temp\surefire3853644876504752496tmp"/>
    <property name="java.specification.vendor" value="Oracle Corporation"/>
    <property name="user.language" value="en"/>
    <property name="awt.toolkit" value="sun.awt.windows.WToolkit"/>
    <property name="java.vm.info" value="mixed mode"/>
    <property name="java.version" value="1.8.0_31"/>
    <property name="java.ext.dirs" value="C:\Program Files (x86)\Java\jre1.8.0_31\lib\ext;C:\WINDOWS\Sun\Java\lib\ext"/>
    <property name="sun.boot.class.path" value="C:\Program Files (x86)\Java\jre1.8.0_31\lib\resources.jar;C:\Program Files (x86)\Java\jre1.8.0_31\lib\rt.jar;C:\Program Files (x86)\Java\jre1.8.0_31\lib\sunrsasign.jar;C:\Program Files (x86)\Java\jre1.8.0_31\lib\jsse.jar;C:\Program Files (x86)\Java\jre1.8.0_31\lib\jce.jar;C:\Program Files (x86)\Java\jre1.8.0_31\lib\charsets.jar;C:\Program Files (x86)\Java\jre1.8.0_31\lib\jfr.jar;C:\Program Files (x86)\Java\jre1.8.0_31\classes"/>
    <property name="java.vendor" value="Oracle Corporation"/>
    <property name="localRepository" value="C:\Users\ankit_agrawal\.m2\repository"/>
    <property name="file.separator" value="\"/>
    <property name="java.vendor.url.bug" value="http://bugreport.sun.com/bugreport/"/>
    <property name="sun.cpu.endian" value="little"/>
    <property name="sun.io.unicode.encoding" value="UnicodeLittle"/>
    <property name="sun.desktop" value="windows"/>
    <property name="sun.cpu.isalist" value="pentium_pro+mmx pentium_pro pentium+mmx pentium i486 i386 i86"/>
  </properties>
  <testcase classname="com.psl.fullstack.FullStackProject.AppTest" name="testApp on testApp" time="0.002"/>
</testsuite>