<?xml version="1.0" encoding="UTF-8"?>
<!-- Generated by org.testng.reporters.JUnitReportReporter -->
<testsuite hostname="PSNG564" name="com.main.testcases.Workflow2" tests="5" failures="0" timestamp="23 Feb 2016 15:58:53 GMT" time="12.708" errors="0">
  <testcase name="searchPost" time="4.146" classname="com.main.testcases.Workflow2"/>
  <testcase name="verifyLinksOnPage" time="0.344" classname="com.main.testcases.Workflow2"/>
  <testcase name="verifyLinksOnPage" time="1.683" classname="com.main.testcases.Workflow2"/>
  <testcase name="verifyHomePage" time="0.182" classname="com.main.testcases.Workflow2"/>
  <testcase name="postComment" time="6.353" classname="com.main.testcases.Workflow2"/>
</testsuite> <!-- com.main.testcases.Workflow2 -->
