<?xml version="1.0" encoding="UTF-8"?>
<!-- Generated by org.testng.reporters.JUnitReportReporter -->
<testsuite hostname="PSNGI3228" name="com.psl.fullstack.FullStackProject.Sample" tests="1" failures="0" timestamp="6 Feb 2016 10:34:52 GMT" time="0.007" errors="0">
  <testcase name="f" time="0.007" classname="com.psl.fullstack.FullStackProject.Sample"/>
</testsuite> <!-- com.psl.fullstack.FullStackProject.Sample -->
