<?xml version="1.0" encoding="UTF-8"?>
<!-- Generated by org.testng.reporters.JUnitReportReporter -->
<testsuite hostname="PSNGI3228" name="com.psl.fullstack.FullStackProject.AppTest" tests="1" failures="0" timestamp="12 Feb 2016 17:06:25 GMT" time="0.004" errors="0">
  <testcase name="testApp" time="0.004" classname="com.psl.fullstack.FullStackProject.AppTest"/>
</testsuite> <!-- com.psl.fullstack.FullStackProject.AppTest -->
